Arguments: 
  C:\Program Files\nodejs\node.exe C:\Users\191batistama\AppData\Roaming\npm\node_modules\yarn\bin\yarn.js add @types/react-native-switch-selector

PATH: 
  C:\Program Files\Common Files\Oracle\Java\javapath;C:\Python312\Scripts\;C:\Python312\;C:\Program Files (x86)\Common Files\Oracle\Java\javapath;C:\WINDOWS\system32;C:\WINDOWS;C:\WINDOWS\System32\Wbem;C:\WINDOWS\System32\WindowsPowerShell\v1.0\;C:\WINDOWS\System32\OpenSSH\;C:\Program Files (x86)\Microsoft SQL Server\80\Tools\Binn\;C:\Program Files (x86)\Microsoft SQL Server\90\Tools\binn\;C:\Program Files (x86)\Microsoft SQL Server\90\DTS\Binn\;C:\Program Files (x86)\Microsoft SQL Server\90\Tools\Binn\VSShell\Common7\IDE\;C:\Program Files (x86)\Microsoft Visual Studio 8\Common7\IDE\PrivateAssemblies\;C:\Program Files\Git\cmd;C:\Program Files\Gemalto\Classic Client\BIN;C:\Program Files (x86)\Gemalto\Classic Client\BIN;C:\ProgramData\chocolatey\bin;C:\Program Files\LLVM\bin;C:\Program Files\Docker\Docker\resources\bin;C:\Program Files\nodejs\;C:\Program Files\Java\jdk-17\bin;C:\Users\191batistama\Downloads\platform-tools-latest-windows\platform-tools\abd.exe;C:\Program Files\MySQL\MySQL Shell 8.0\bin\;C:\Users\191batistama\.console-ninja\.bin;C:\Users\191batistama\scoop\shims;C:\Users\191batistama\AppData\Local\Microsoft\WindowsApps;C:\tools\neovim\nvim-win64\bin;C:\Users\191batistama\AppData\Local\Programs\Python\Python310;C:\Users\191batistama\AppData\Local\Programs\Python\Python310\Scripts;C:\Users\191batistama\AppData\Local\Microsoft\WindowsApps;C:\MinGW\bin;C:\cygnus\cygwin-b20\H-i586-cygwin32\bin;C:\Users\191batistama\AppData\Local\Programs\Microsoft VS Code\bin;C:\Users\191batistama\AppData\Roaming\npm;C:\Program Files\Java\jdk-17\bin;;C:\Program Files\JetBrains\IntelliJ IDEA Educational Edition 2022.2.2\bin;

Yarn version: 
  1.22.19

Node version: 
  20.9.0

Platform: 
  win32 x64

Trace: 
  Error: https://registry.yarnpkg.com/@types%2freact-native-switch-selector: Not found
      at params.callback [as _callback] (C:\Users\191batistama\AppData\Roaming\npm\node_modules\yarn\lib\cli.js:66145:18)
      at self.callback (C:\Users\191batistama\AppData\Roaming\npm\node_modules\yarn\lib\cli.js:140890:22)
      at Request.emit (node:events:514:28)
      at Request.<anonymous> (C:\Users\191batistama\AppData\Roaming\npm\node_modules\yarn\lib\cli.js:141862:10)
      at Request.emit (node:events:514:28)
      at IncomingMessage.<anonymous> (C:\Users\191batistama\AppData\Roaming\npm\node_modules\yarn\lib\cli.js:141784:12)
      at Object.onceWrapper (node:events:628:28)
      at IncomingMessage.emit (node:events:526:35)
      at endReadableNT (node:internal/streams/readable:1408:12)
      at process.processTicksAndRejections (node:internal/process/task_queues:82:21)

npm manifest: 
  {
    "name": "helpingpetsapp",
    "main": "expo-router/entry",
    "version": "1.0.0",
    "scripts": {
      "start": "expo start",
      "reset-project": "node ./scripts/reset-project.js",
      "android": "expo start --android",
      "ios": "expo start --ios",
      "web": "expo start --web",
      "test": "jest --watchAll",
      "lint": "expo lint"
    },
    "jest": {
      "preset": "jest-expo"
    },
    "dependencies": {
      "@expo/vector-icons": "^14.0.2",
      "@googlemaps/polyline-codec": "^1.0.28",
      "@gorhom/bottom-sheet": "^4.6.4",
      "@hookform/resolvers": "^3.9.0",
      "@react-native-community/slider": "^4.5.3",
      "@react-navigation/native": "^6.0.2",
      "@types/yup": "^0.29.14",
      "expo": "~51.0.28",
      "expo-camera": "~15.0.16",
      "expo-constants": "~16.0.2",
      "expo-font": "~12.0.9",
      "expo-image-picker": "~15.0.7",
      "expo-linking": "~6.3.1",
      "expo-location": "~17.0.1",
      "expo-router": "~3.5.23",
      "expo-splash-screen": "~0.27.5",
      "expo-status-bar": "~1.12.1",
      "expo-system-ui": "~3.0.7",
      "expo-web-browser": "~13.0.3",
      "lottie-react-native": "^6.7.2",
      "nativewind": "^2.0.11",
      "react": "18.2.0",
      "react-dom": "18.2.0",
      "react-hook-form": "^7.53.0",
      "react-native": "0.74.5",
      "react-native-gesture-handler": "~2.16.1",
      "react-native-maps": "1.14.0",
      "react-native-reanimated": "~3.10.1",
      "react-native-safe-area-context": "4.10.5",
      "react-native-screens": "3.31.1",
      "react-native-switch-selector": "^2.3.0",
      "react-native-web": "~0.19.10",
      "react-native-webview": "13.8.6",
      "yup": "^1.4.0"
    },
    "devDependencies": {
      "@babel/core": "^7.20.0",
      "@types/jest": "^29.5.12",
      "@types/react": "~18.2.79",
      "@types/react-native": "^0.72.8",
      "@types/react-test-renderer": "^18.0.7",
      "eslint": "^8.57.0",
      "eslint-config-universe": "^13.0.0",
      "jest": "^29.2.1",
      "jest-expo": "~51.0.3",
      "prettier": "^3.3.3",
      "react-test-renderer": "18.2.0",
      "tailwindcss": "3.3.2",
      "typescript": "~5.3.3"
    },
    "private": true
  }

yarn manifest: 
  No manifest

Lockfile: 
  No lockfile
